{
  "RSpec": {
    "coverage": {
      "/Users/jonathanatkins/regis_u/software_quality_test/Assignments Repo/regis-msse/MSSE640-2026Spring2/ProjectUnitTest/Project1UnitTest/lib/circle.rb": {
        "lines": [
          1,
          1,
          2,
          2,
          null,
          null,
          1,
          0,
          0,
          null,
          null,
          null,
          1,
          1,
          null,
          null,
          1,
          null,
          1,
          0,
          null,
          null
        ]
      }
    },
    "timestamp": 1774394772
  }
}
